c:\users\duong\desktop\hcmus\21-22\hk1\oop\crossing game\crossing game\debug\vc142.pdb
c:\users\duong\desktop\hcmus\21-22\hk1\oop\crossing game\crossing game\debug\vc142.idb
c:\users\duong\desktop\hcmus\21-22\hk1\oop\crossing game\crossing game\debug\main.obj
c:\users\duong\desktop\hcmus\21-22\hk1\oop\crossing game\crossing game\debug\helpfunctions.obj
c:\users\duong\desktop\hcmus\21-22\hk1\oop\crossing game\crossing game\debug\cvehicle.obj
c:\users\duong\desktop\hcmus\21-22\hk1\oop\crossing game\crossing game\debug\ctruck.obj
c:\users\duong\desktop\hcmus\21-22\hk1\oop\crossing game\crossing game\debug\cscoreboard.obj
c:\users\duong\desktop\hcmus\21-22\hk1\oop\crossing game\crossing game\debug\cpeople.obj
c:\users\duong\desktop\hcmus\21-22\hk1\oop\crossing game\crossing game\debug\cgame.obj
c:\users\duong\desktop\hcmus\21-22\hk1\oop\crossing game\crossing game\debug\ccar.obj
c:\users\duong\desktop\hcmus\21-22\hk1\oop\crossing game\crossing game\debug\canimal.obj
c:\users\duong\desktop\hcmus\21-22\hk1\oop\crossing game\crossing game\debug\crossing game.ilk
c:\users\duong\desktop\hcmus\21-22\hk1\oop\crossing game\crossing game\debug\crossing game.exe
c:\users\duong\desktop\hcmus\21-22\hk1\oop\crossing game\crossing game\debug\crossing game.pdb
c:\users\duong\desktop\hcmus\21-22\hk1\oop\crossing game\crossing game\debug\crossing game.tlog\cl.command.1.tlog
c:\users\duong\desktop\hcmus\21-22\hk1\oop\crossing game\crossing game\debug\crossing game.tlog\cl.read.1.tlog
c:\users\duong\desktop\hcmus\21-22\hk1\oop\crossing game\crossing game\debug\crossing game.tlog\cl.write.1.tlog
c:\users\duong\desktop\hcmus\21-22\hk1\oop\crossing game\crossing game\debug\crossing game.tlog\link.command.1.tlog
c:\users\duong\desktop\hcmus\21-22\hk1\oop\crossing game\crossing game\debug\crossing game.tlog\link.read.1.tlog
c:\users\duong\desktop\hcmus\21-22\hk1\oop\crossing game\crossing game\debug\crossing game.tlog\link.write.1.tlog
